<?xml version="1.0" encoding="UTF-8"?>
<!-- Generated by org.testng.reporters.JUnitXMLReporter -->
<testsuite hostname="DESKTOP-070DR37" ignored="0" name="Test one" tests="1" failures="1" timestamp="22 May 2019 04:52:05 GMT" time="0.058" errors="0">
  <testcase name="Init" time="0.0" classname="common.SeleniumHelper">
    <failure type="org.testng.TestNGException" message="
Parameter &amp;apos;Browser&amp;apos; is required by @Test on method Init but has not been marked @Optional or defined
in D:\Selenium\MISProject\TestNG.xml">
      <![CDATA[org.testng.TestNGException: 
Parameter 'Browser' is required by @Test on method Init but has not been marked @Optional or defined
in D:\Selenium\MISProject\TestNG.xml
... Removed 24 stack frames]]>
    </failure>
  </testcase> <!-- Init -->
</testsuite> <!-- Test one -->
